TN:
SF:/Users/gengteng/CLionProjects/mallchat/src/bin/server.rs
FNF:0
DA:93,0
DA:95,0
DA:96,0
DA:97,0
DA:98,0
DA:101,0
DA:102,0
DA:103,0
DA:104,0
DA:105,0
DA:111,0
DA:112,0
DA:117,0
DA:119,0
DA:120,0
DA:121,0
DA:122,0
DA:124,0
DA:126,0
DA:129,0
DA:132,0
DA:135,0
DA:136,0
DA:143,0
DA:151,0
LF:25
LH:0
end_of_record
TN:
SF:/Users/gengteng/CLionProjects/mallchat/src/cache.rs
FNF:0
DA:19,0
DA:21,0
DA:22,0
DA:28,0
DA:29,0
DA:30,0
LF:6
LH:0
end_of_record
TN:
SF:/Users/gengteng/CLionProjects/mallchat/src/handler/api.rs
FNF:0
DA:39,1
DA:40,1
DA:43,1
DA:47,1
DA:50,0
DA:51,0
DA:54,1
DA:55,1
DA:58,1
DA:59,1
DA:63,0
DA:64,0
DA:67,0
DA:72,1
DA:76,2
DA:77,1
DA:78,1
DA:79,1
DA:80,1
DA:85,0
DA:86,0
DA:103,0
DA:117,1
DA:118,1
DA:124,2
DA:125,2
DA:131,1
DA:132,1
DA:143,0
DA:144,0
DA:149,0
DA:150,0
DA:155,4
DA:159,8
DA:160,4
DA:161,4
DA:162,3
DA:164,4
LF:38
LH:26
end_of_record
TN:
SF:/Users/gengteng/CLionProjects/mallchat/src/handler/auth.rs
FNF:0
DA:24,0
DA:25,0
DA:26,0
DA:27,0
DA:28,0
DA:36,0
DA:37,0
DA:40,0
DA:41,0
DA:44,0
DA:45,0
DA:46,0
DA:47,0
DA:48,0
DA:52,0
DA:53,0
DA:68,0
DA:71,0
DA:83,0
DA:84,0
DA:85,0
DA:86,0
DA:87,0
DA:88,0
DA:91,0
DA:93,0
DA:94,0
DA:95,0
DA:96,0
DA:97,0
DA:102,0
DA:104,0
DA:105,0
DA:106,0
DA:108,0
LF:35
LH:0
end_of_record
TN:
SF:/Users/gengteng/CLionProjects/mallchat/src/handler/chat.rs
FNF:0
DA:16,0
DA:17,0
DA:19,0
DA:20,0
DA:21,0
DA:22,0
DA:23,0
DA:24,0
DA:25,0
DA:30,0
DA:31,0
DA:35,0
DA:36,0
DA:37,0
DA:38,0
DA:42,0
DA:43,0
DA:44,0
DA:45,0
DA:49,0
DA:50,0
DA:51,0
DA:55,0
DA:56,0
DA:57,0
DA:61,0
DA:62,0
DA:63,0
DA:64,0
DA:68,0
DA:69,0
DA:70,0
LF:32
LH:0
end_of_record
TN:
SF:/Users/gengteng/CLionProjects/mallchat/src/handler/user.rs
FNF:0
DA:11,0
DA:12,0
DA:14,0
DA:15,0
DA:16,0
DA:17,0
DA:18,0
DA:23,0
DA:24,0
DA:25,0
DA:26,0
DA:30,0
DA:31,0
DA:32,0
DA:36,0
DA:37,0
DA:38,0
DA:42,0
DA:43,0
DA:44,0
LF:20
LH:0
end_of_record
TN:
SF:/Users/gengteng/CLionProjects/mallchat/src/handler/wechat.rs
FNF:0
DA:18,0
DA:19,0
DA:21,0
DA:22,0
DA:23,0
DA:24,0
DA:37,0
DA:38,0
DA:42,0
DA:43,0
DA:45,0
DA:58,0
DA:59,0
DA:62,0
DA:63,0
DA:64,0
DA:65,0
DA:80,0
DA:81,0
DA:86,0
DA:88,0
DA:89,0
DA:92,0
DA:93,0
DA:94,0
DA:96,0
DA:97,0
DA:100,0
DA:101,0
DA:102,0
DA:103,0
DA:106,0
DA:107,0
DA:110,0
DA:111,0
DA:115,0
DA:116,0
DA:117,0
DA:120,0
DA:121,0
DA:122,0
DA:125,0
DA:126,0
LF:43
LH:0
end_of_record
TN:
SF:/Users/gengteng/CLionProjects/mallchat/src/handler/ws.rs
FNF:0
DA:18,0
DA:23,0
DA:24,0
DA:25,0
DA:29,0
DA:35,0
DA:36,0
DA:38,0
DA:45,0
DA:50,0
DA:52,0
DA:54,0
DA:59,0
DA:94,0
DA:95,0
DA:108,0
DA:109,0
DA:110,0
DA:111,0
DA:112,0
DA:113,0
DA:114,0
DA:115,0
DA:116,0
DA:117,0
DA:120,0
DA:133,1
DA:134,1
DA:135,1
DA:136,1
DA:139,1
DA:146,6
DA:147,6
DA:148,6
DA:149,6
DA:154,6
DA:167,0
DA:168,0
DA:173,0
DA:174,0
DA:182,6
DA:183,6
DA:188,0
DA:189,0
DA:194,0
DA:195,0
DA:201,18
DA:202,6
LF:48
LH:14
end_of_record
TN:
SF:/Users/gengteng/CLionProjects/mallchat/src/handler.rs
FNF:0
DA:58,0
DA:66,0
DA:67,0
DA:68,0
DA:69,0
DA:70,0
DA:71,0
DA:73,0
DA:74,0
DA:75,0
DA:76,0
DA:77,0
DA:78,0
DA:79,0
DA:80,0
DA:85,0
DA:86,0
DA:87,0
DA:88,0
DA:89,0
DA:91,0
DA:102,0
DA:108,0
DA:109,0
DA:110,0
DA:111,0
DA:112,0
DA:113,0
DA:114,0
DA:116,0
DA:117,0
DA:119,0
DA:120,0
DA:122,0
DA:123,0
DA:125,0
DA:126,0
LF:37
LH:0
end_of_record
TN:
SF:/Users/gengteng/CLionProjects/mallchat/src/log.rs
FNF:0
DA:87,0
DA:88,0
DA:102,0
DA:103,0
DA:124,0
DA:126,0
DA:127,0
DA:130,0
DA:131,0
DA:132,0
DA:134,0
DA:136,0
DA:137,0
DA:139,0
DA:140,0
DA:144,0
DA:146,0
DA:147,0
DA:151,0
DA:153,0
DA:155,0
DA:157,0
DA:159,0
DA:160,0
DA:165,0
DA:167,0
DA:169,0
DA:172,0
DA:174,0
LF:29
LH:0
end_of_record
TN:
SF:/Users/gengteng/CLionProjects/mallchat/src/storage.rs
FNF:0
DA:34,0
DA:35,0
DA:37,0
DA:41,0
DA:42,0
DA:43,0
DA:44,0
LF:7
LH:0
end_of_record
TN:
SF:/Users/gengteng/CLionProjects/mallchat/src/weixin/xml.rs
FNF:0
DA:29,0
DA:30,0
DA:31,0
DA:32,0
DA:33,0
DA:35,0
DA:40,0
DA:41,0
DA:42,0
DA:44,0
DA:47,0
DA:48,0
DA:50,0
DA:53,0
DA:54,0
DA:56,0
DA:59,0
DA:60,0
DA:62,0
DA:69,0
DA:70,0
DA:76,0
DA:77,0
DA:82,0
DA:83,0
DA:91,0
DA:92,0
DA:93,0
DA:94,0
DA:95,0
DA:96,0
DA:98,0
DA:99,0
DA:101,0
DA:104,0
DA:105,0
DA:107,0
DA:108,0
DA:110,0
DA:132,0
DA:133,0
DA:134,0
DA:135,0
DA:136,0
DA:137,0
DA:139,0
DA:140,0
DA:141,0
DA:142,0
DA:144,0
LF:50
LH:0
end_of_record
TN:
SF:/Users/gengteng/CLionProjects/mallchat/src/weixin.rs
FNF:0
DA:36,0
DA:37,0
DA:50,0
DA:51,0
DA:52,0
DA:54,0
DA:61,0
DA:62,0
DA:63,0
DA:65,0
DA:66,0
DA:67,0
DA:68,0
DA:69,0
DA:73,0
DA:74,0
DA:77,0
DA:78,0
DA:81,0
DA:82,0
DA:85,0
DA:86,0
DA:89,0
DA:90,0
DA:91,0
DA:92,0
DA:94,0
DA:95,0
DA:96,0
DA:97,0
DA:98,0
DA:99,0
DA:100,0
DA:103,0
DA:106,0
DA:118,0
DA:119,0
DA:121,0
DA:122,0
DA:123,0
DA:125,0
DA:127,0
DA:128,0
DA:129,0
DA:132,0
DA:133,0
DA:136,0
DA:142,0
DA:143,0
DA:144,0
DA:161,0
DA:162,0
DA:163,0
DA:168,0
DA:169,0
DA:171,0
DA:174,0
DA:175,0
DA:177,0
DA:179,0
DA:180,0
DA:181,0
DA:184,0
DA:185,0
DA:208,0
DA:209,0
DA:210,0
DA:211,0
DA:212,0
DA:213,0
DA:215,0
DA:216,0
DA:217,0
DA:242,0
DA:246,0
DA:247,0
DA:248,0
DA:249,0
DA:250,0
DA:251,0
DA:269,0
DA:277,0
DA:278,0
DA:279,0
DA:280,0
DA:281,0
DA:282,0
DA:283,0
DA:284,0
DA:285,0
DA:286,0
DA:288,0
DA:289,0
DA:290,0
DA:291,0
DA:293,0
DA:294,0
DA:295,0
DA:297,0
DA:298,0
DA:300,0
DA:301,0
DA:302,0
DA:303,0
DA:387,0
DA:388,0
DA:389,0
DA:390,0
DA:391,0
DA:392,0
DA:393,0
DA:394,0
DA:395,0
DA:396,0
DA:397,0
DA:403,0
DA:419,0
DA:420,0
DA:429,0
DA:430,0
DA:438,0
DA:441,0
DA:447,0
DA:448,0
DA:449,0
DA:457,0
DA:458,0
DA:466,0
DA:467,0
DA:475,0
DA:478,0
DA:490,0
DA:491,0
DA:493,0
DA:498,0
DA:501,0
DA:506,0
DA:509,0
DA:514,0
DA:517,0
DA:520,0
DA:523,0
DA:526,0
DA:531,0
DA:532,0
DA:533,0
DA:534,0
DA:535,0
DA:536,0
DA:537,0
DA:538,0
DA:552,0
DA:553,0
DA:554,0
DA:556,0
DA:557,0
DA:558,0
DA:559,0
DA:560,0
DA:561,0
DA:562,0
DA:567,0
DA:568,0
DA:569,0
DA:571,0
DA:577,0
DA:578,0
DA:583,0
DA:588,0
DA:589,0
DA:591,0
DA:592,0
DA:593,0
DA:598,0
DA:602,0
DA:606,0
DA:611,0
DA:615,0
DA:616,0
DA:646,0
DA:649,0
DA:656,0
DA:657,0
DA:660,0
DA:661,0
DA:664,0
DA:665,0
DA:669,0
DA:670,0
DA:671,0
DA:692,0
DA:693,0
DA:694,0
DA:695,0
DA:696,0
DA:697,0
DA:698,0
LF:197
LH:0
end_of_record
